[debug] [2018-07-28T04:30:07.572Z] ----------------------------------------------------------------------
[debug] [2018-07-28T04:30:07.573Z] Command:       /usr/local/Cellar/node/8.4.0/bin/node /usr/local/bin/firebase serve
[debug] [2018-07-28T04:30:07.574Z] CLI Version:   4.0.0
[debug] [2018-07-28T04:30:07.574Z] Platform:      darwin
[debug] [2018-07-28T04:30:07.574Z] Node Version:  v8.4.0
[debug] [2018-07-28T04:30:07.574Z] Time:          Fri Jul 27 2018 21:30:07 GMT-0700 (PDT)
[debug] [2018-07-28T04:30:07.574Z] ----------------------------------------------------------------------
[debug] 
[debug] [2018-07-28T04:30:07.584Z] > command requires scopes: ["email","openid","https://www.googleapis.com/auth/cloudplatformprojects.readonly","https://www.googleapis.com/auth/firebase","https://www.googleapis.com/auth/cloud-platform"]
[debug] [2018-07-28T04:30:07.585Z] > authorizing via signed-in user
[debug] [2018-07-28T04:30:07.586Z] > refreshing access token with scopes: ["email","https://www.googleapis.com/auth/cloud-platform","https://www.googleapis.com/auth/cloudplatformprojects.readonly","https://www.googleapis.com/auth/firebase","openid"]
[debug] [2018-07-28T04:30:07.586Z] >>> HTTP REQUEST POST https://www.googleapis.com/oauth2/v3/token  
 { refresh_token: '1/_yFDAXgxZMCgFydF2cyWXuy3tuTrHI5jzdDeuhs7WI59E2hvZRFTPqoWmwrMom8X',
  client_id: '563584335869-fgrhgmd47bqnekij5i8b5pr03ho849e6.apps.googleusercontent.com',
  client_secret: 'j9iVZfS8kkCEFUPaAeJV0sAi',
  grant_type: 'refresh_token',
  scope: 'email https://www.googleapis.com/auth/cloud-platform https://www.googleapis.com/auth/cloudplatformprojects.readonly https://www.googleapis.com/auth/firebase openid' } 
 Fri Jul 27 2018 21:30:07 GMT-0700 (PDT)
[debug] [2018-07-28T04:30:07.761Z] <<< HTTP RESPONSE 200
[debug] [2018-07-28T04:30:07.773Z] >>> HTTP REQUEST GET https://admin.firebase.com/v1/projects/dinner-roulette-473a4  
  
 Fri Jul 27 2018 21:30:07 GMT-0700 (PDT)
[debug] [2018-07-28T04:30:08.160Z] <<< HTTP RESPONSE 200
[debug] [2018-07-28T04:30:08.161Z] >>> HTTP REQUEST GET https://admin.firebase.com/v1/database/dinner-roulette-473a4/tokens  
  
 Fri Jul 27 2018 21:30:08 GMT-0700 (PDT)
[debug] [2018-07-28T04:30:08.525Z] <<< HTTP RESPONSE 200
[debug] [2018-07-28T04:30:08.526Z] >>> HTTP REQUEST GET https://cloudresourcemanager.googleapis.com/v1/projects/dinner-roulette-473a4  
  
 Fri Jul 27 2018 21:30:08 GMT-0700 (PDT)
[debug] [2018-07-28T04:30:08.817Z] <<< HTTP RESPONSE 200
[info] 
[info] === Serving from '/Users/merlam/Personal/git/dinner-roulette'...
[info] 
[debug] [2018-07-28T04:30:08.819Z] >>> HTTP REQUEST GET https://mobilesdk-pa.googleapis.com/v1/projects/242787463667/clients/_:getWebAppConfig  
  
 Fri Jul 27 2018 21:30:08 GMT-0700 (PDT)
[debug] [2018-07-28T04:30:09.233Z] <<< HTTP RESPONSE 200
[info] i  hosting: Serving hosting files from: public
[info] ✔  hosting: Local server: http://localhost:5000

